Using pre-set license
Built from '2021.3/staging' branch; Version is '2021.3.10f1 (1c7d0df0160b) revision 1867021'; Using compiler version '192829333'; Build Type 'Release'
OS: 'Windows 10  (10.0.19044) 64bit Enterprise' Language: 'ru' Physical Memory: 16349 MB
BatchMode: 1, IsHumanControllingUs: 0, StartBugReporterOnCrash: 0, Is64bit: 1, IsPro: 1

COMMAND LINE ARGUMENTS:
D:\Unity\2021.3.10f1\Editor\Unity.exe
-adb2
-batchMode
-noUpm
-name
AssetImportWorker0
-projectPath
D:/Unity/работы/22
-logFile
Logs/AssetImportWorker0.log
-srvPort
52499
Successfully changed project path to: D:/Unity/работы/22
D:/Unity/работы/22
[UnityMemory] Configuration Parameters - Can be set up in boot.config
    "memorysetup-bucket-allocator-granularity=16"
    "memorysetup-bucket-allocator-bucket-count=8"
    "memorysetup-bucket-allocator-block-size=33554432"
    "memorysetup-bucket-allocator-block-count=8"
    "memorysetup-main-allocator-block-size=16777216"
    "memorysetup-thread-allocator-block-size=16777216"
    "memorysetup-gfx-main-allocator-block-size=16777216"
    "memorysetup-gfx-thread-allocator-block-size=16777216"
    "memorysetup-cache-allocator-block-size=4194304"
    "memorysetup-typetree-allocator-block-size=2097152"
    "memorysetup-profiler-bucket-allocator-granularity=16"
    "memorysetup-profiler-bucket-allocator-bucket-count=8"
    "memorysetup-profiler-bucket-allocator-block-size=33554432"
    "memorysetup-profiler-bucket-allocator-block-count=8"
    "memorysetup-profiler-allocator-block-size=16777216"
    "memorysetup-profiler-editor-allocator-block-size=1048576"
    "memorysetup-temp-allocator-size-main=16777216"
    "memorysetup-job-temp-allocator-block-size=2097152"
    "memorysetup-job-temp-allocator-block-size-background=1048576"
    "memorysetup-job-temp-allocator-reduction-small-platforms=262144"
    "memorysetup-temp-allocator-size-background-worker=32768"
    "memorysetup-temp-allocator-size-job-worker=262144"
    "memorysetup-temp-allocator-size-preload-manager=33554432"
    "memorysetup-temp-allocator-size-nav-mesh-worker=65536"
    "memorysetup-temp-allocator-size-audio-worker=65536"
    "memorysetup-temp-allocator-size-cloud-worker=32768"
    "memorysetup-temp-allocator-size-gi-baking-worker=262144"
    "memorysetup-temp-allocator-size-gfx=262144"
Refreshing native plugins compatible for Editor in 109.94 ms, found 4 plugins.
Preloading 0 native plugins for Editor in 0.00 ms.
Initialize engine version: 2021.3.10f1 (1c7d0df0160b)
[Subsystems] Discovering subsystems at path D:/Unity/2021.3.10f1/Editor/Data/Resources/UnitySubsystems
[Subsystems] Discovering subsystems at path D:/Unity/работы/22/Assets
GfxDevice: creating device client; threaded=0; jobified=0
Direct3D:
    Version:  Direct3D 11.0 [level 11.1]
    Renderer: NVIDIA GeForce GTX 1070 (ID=0x1b81)
    Vendor:   NVIDIA
    VRAM:     8088 MB
    Driver:   31.0.15.1694
Initialize mono
Mono path[0] = 'D:/Unity/2021.3.10f1/Editor/Data/Managed'
Mono path[1] = 'D:/Unity/2021.3.10f1/Editor/Data/MonoBleedingEdge/lib/mono/unityjit-win32'
Mono config path = 'D:/Unity/2021.3.10f1/Editor/Data/MonoBleedingEdge/etc'
Using monoOptions --debugger-agent=transport=dt_socket,embedding=1,server=y,suspend=n,address=127.0.0.1:56156
Begin MonoManager ReloadAssembly
Registering precompiled unity dll's ...
Register platform support module: D:/Unity/2021.3.10f1/Editor/Data/PlaybackEngines/WebGLSupport/UnityEditor.WebGL.Extensions.dll
Register platform support module: D:/Unity/2021.3.10f1/Editor/Data/PlaybackEngines/AndroidPlayer/UnityEditor.Android.Extensions.dll
Register platform support module: D:/Unity/2021.3.10f1/Editor/Data/PlaybackEngines/WindowsStandaloneSupport/UnityEditor.WindowsStandalone.Extensions.dll
Registered in 0.003709 seconds.
Native extension for WindowsStandalone target not found
Native extension for Android target not found
Native extension for WebGL target not found
Refreshing native plugins compatible for Editor in 105.81 ms, found 4 plugins.
Preloading 0 native plugins for Editor in 0.00 ms.
Mono: successfully reloaded assembly
- Completed reload, in  0.780 seconds
Domain Reload Profiling:
	ReloadAssembly (780ms)
		BeginReloadAssembly (80ms)
			ExecutionOrderSort (0ms)
			DisableScriptedObjects (0ms)
			BackupInstance (0ms)
			ReleaseScriptingObjects (0ms)
			CreateAndSetChildDomain (1ms)
		EndReloadAssembly (580ms)
			LoadAssemblies (80ms)
			RebuildTransferFunctionScriptingTraits (0ms)
			SetupTypeCache (146ms)
			ReleaseScriptCaches (0ms)
			RebuildScriptCaches (34ms)
			SetupLoadedEditorAssemblies (343ms)
				LogAssemblyErrors (0ms)
				InitializePlatformSupportModulesInManaged (62ms)
				SetLoadedEditorAssemblies (0ms)
				RefreshPlugins (106ms)
				BeforeProcessingInitializeOnLoad (1ms)
				ProcessInitializeOnLoadAttributes (119ms)
				ProcessInitializeOnLoadMethodAttributes (54ms)
				AfterProcessingInitializeOnLoad (0ms)
				EditorAssembliesLoaded (0ms)
			ExecutionOrderSort2 (0ms)
			AwakeInstancesAfterBackupRestoration (0ms)
Platform modules already initialized, skipping
Registering precompiled user dll's ...
Registered in 0.007368 seconds.
Begin MonoManager ReloadAssembly
Symbol file LoadedFromMemory doesn't match image D:\Unity\работы\22\Library\PackageCache\com.unity.visualscripting@1.7.8\Editor\VisualScripting.Core\Dependencies\YamlDotNet\Unity.VisualScripting.YamlDotNet.dll
Symbol file LoadedFromMemory doesn't match image D:\Unity\работы\22\Library\PackageCache\com.unity.visualscripting@1.7.8\Editor\VisualScripting.Core\Dependencies\DotNetZip\Unity.VisualScripting.IonicZip.dll
Native extension for WindowsStandalone target not found
Native extension for Android target not found
Native extension for WebGL target not found
Refreshing native plugins compatible for Editor in 224.35 ms, found 4 plugins.
Preloading 0 native plugins for Editor in 0.00 ms.
Mono: successfully reloaded assembly
- Completed reload, in  1.616 seconds
Domain Reload Profiling:
	ReloadAssembly (1617ms)
		BeginReloadAssembly (229ms)
			ExecutionOrderSort (0ms)
			DisableScriptedObjects (7ms)
			BackupInstance (0ms)
			ReleaseScriptingObjects (0ms)
			CreateAndSetChildDomain (128ms)
		EndReloadAssembly (1267ms)
			LoadAssemblies (98ms)
			RebuildTransferFunctionScriptingTraits (0ms)
			SetupTypeCache (337ms)
			ReleaseScriptCaches (1ms)
			RebuildScriptCaches (73ms)
			SetupLoadedEditorAssemblies (702ms)
				LogAssemblyErrors (0ms)
				InitializePlatformSupportModulesInManaged (16ms)
				SetLoadedEditorAssemblies (0ms)
				RefreshPlugins (224ms)
				BeforeProcessingInitializeOnLoad (105ms)
				ProcessInitializeOnLoadAttributes (307ms)
				ProcessInitializeOnLoadMethodAttributes (47ms)
				AfterProcessingInitializeOnLoad (3ms)
				EditorAssembliesLoaded (0ms)
			ExecutionOrderSort2 (0ms)
			AwakeInstancesAfterBackupRestoration (8ms)
Platform modules already initialized, skipping
========================================================================
Worker process is ready to serve import requests
Launched and connected shader compiler UnityShaderCompiler.exe after 0.09 seconds
Refreshing native plugins compatible for Editor in 0.69 ms, found 4 plugins.
Preloading 0 native plugins for Editor in 0.00 ms.
Unloading 4075 Unused Serialized files (Serialized files now loaded: 0)
Unloading 44 unused Assets / (229.3 KB). Loaded Objects now: 4527.
Memory consumption went from 151.5 MB to 151.3 MB.
Total: 3.210700 ms (FindLiveObjects: 0.308300 ms CreateObjectMapping: 0.318600 ms MarkObjects: 2.431100 ms  DeleteObjects: 0.151400 ms)

AssetImportParameters requested are different than current active one (requested -> active):
  custom:video-decoder-ogg-theora: a1e56fd34408186e4bbccfd4996cb3dc -> 
  custom:container-muxer-webm: aa71ff27fc2769a1b78a27578f13a17b -> 
  custom:container-demuxer-webm: 4f35f7cbe854078d1ac9338744f61a02 -> 
  custom:video-encoder-webm-vp8: eb34c28f22e8b96e1ab97ce403110664 -> 
  custom:audio-encoder-webm-vorbis: bf7c407c2cedff20999df2af8eb42d56 -> 
  custom:framework-win-MediaFoundation: 216162199b28c13a410421893ffa2e32 -> 
  custom:container-demuxer-ogg: 62fdf1f143b41e24485cea50d1cbac27 -> 
  custom:video-decoder-webm-vp8: 9c59270c3fd7afecdb556c50c9e8de78 -> 
  custom:audio-decoder-ogg-vorbis: bf7c407c2cedff20999df2af8eb42d56 -> 
========================================================================
Received Import Request.
  Time since last request: 50960.397071 seconds.
  path: Assets/Script/ColliderGO.cs
  artifactKey: Guid(f0ba3b333cf255d4e8772892d1d1fe9d) Importer(815301076,1909f56bfc062723c751e8b465ee728b)
Start importing Assets/Script/ColliderGO.cs using Guid(f0ba3b333cf255d4e8772892d1d1fe9d) Importer(815301076,1909f56bfc062723c751e8b465ee728b)  -> (artifact id: 'f60439d42fc2f69948dbb6e797a0dd5f') in 0.063724 seconds 
========================================================================
Received Import Request.
  Time since last request: 0.000020 seconds.
  path: Assets/Script/ClickChecker.cs
  artifactKey: Guid(2142043966e1e5747bc2dbe9fe7d1ad1) Importer(815301076,1909f56bfc062723c751e8b465ee728b)
Start importing Assets/Script/ClickChecker.cs using Guid(2142043966e1e5747bc2dbe9fe7d1ad1) Importer(815301076,1909f56bfc062723c751e8b465ee728b)  -> (artifact id: 'f4090d24c2a7f30c5c849af32b435739') in 0.011031 seconds 
========================================================================
Received Import Request.
  Time since last request: 0.000024 seconds.
  path: Assets/Script
  artifactKey: Guid(4c05848eb6e41b246ac386f560896ab6) Importer(815301076,1909f56bfc062723c751e8b465ee728b)
Start importing Assets/Script using Guid(4c05848eb6e41b246ac386f560896ab6) Importer(815301076,1909f56bfc062723c751e8b465ee728b)  -> (artifact id: 'e12db0d15c03575df4e1c2335e75a3db') in 0.006585 seconds 
========================================================================
Received Import Request.
  Time since last request: 0.332331 seconds.
  path: Assets/Script/ColorChooser.cs
  artifactKey: Guid(d0c520917afd7bd428f73d00c926afa7) Importer(815301076,1909f56bfc062723c751e8b465ee728b)
Start importing Assets/Script/ColorChooser.cs using Guid(d0c520917afd7bd428f73d00c926afa7) Importer(815301076,1909f56bfc062723c751e8b465ee728b)  -> (artifact id: 'bf0e7740e436139b5cf1d6f5353eae30') in 0.007742 seconds 
========================================================================
Received Import Request.
  Time since last request: 1.751054 seconds.
  path: Assets/Script/ColorCombinatoin.cs
  artifactKey: Guid(769fe18d16c342143bfbf2f5280c537b) Importer(815301076,1909f56bfc062723c751e8b465ee728b)
Start importing Assets/Script/ColorCombinatoin.cs using Guid(769fe18d16c342143bfbf2f5280c537b) Importer(815301076,1909f56bfc062723c751e8b465ee728b)  -> (artifact id: 'e364e013baffcd5bb3f391e0fc9aeb79') in 0.010166 seconds 
========================================================================
Received Import Request.
  Time since last request: 1.021317 seconds.
  path: Assets/Script/GameManager.cs
  artifactKey: Guid(6e8402aec4e37134eb3bdd818d711931) Importer(815301076,1909f56bfc062723c751e8b465ee728b)
Start importing Assets/Script/GameManager.cs using Guid(6e8402aec4e37134eb3bdd818d711931) Importer(815301076,1909f56bfc062723c751e8b465ee728b)  -> (artifact id: 'a74c7155c32a765c20b0084e60a74701') in 0.011626 seconds 
========================================================================
Received Import Request.
  Time since last request: 1.840970 seconds.
  path: Assets/Script/Player.cs
  artifactKey: Guid(436f66a77743d4840953195afb57bea8) Importer(815301076,1909f56bfc062723c751e8b465ee728b)
Start importing Assets/Script/Player.cs using Guid(436f66a77743d4840953195afb57bea8) Importer(815301076,1909f56bfc062723c751e8b465ee728b)  -> (artifact id: '14e33513c87b9568bc040365477fe740') in 0.011639 seconds 
========================================================================
Received Import Request.
  Time since last request: 3.307537 seconds.
  path: Assets/Script/Spike.cs
  artifactKey: Guid(a034555a6b7fb8f45a35d2ee7d453103) Importer(815301076,1909f56bfc062723c751e8b465ee728b)
Start importing Assets/Script/Spike.cs using Guid(a034555a6b7fb8f45a35d2ee7d453103) Importer(815301076,1909f56bfc062723c751e8b465ee728b)  -> (artifact id: '453e02fe178d3f37f6509f21dfeedbc4') in 0.015219 seconds 
========================================================================
Received Import Request.
  Time since last request: 40.345492 seconds.
  path: Assets/Animation
  artifactKey: Guid(dac7a85080fe227478a994c706284022) Importer(815301076,1909f56bfc062723c751e8b465ee728b)
Start importing Assets/Animation using Guid(dac7a85080fe227478a994c706284022) Importer(815301076,1909f56bfc062723c751e8b465ee728b)  -> (artifact id: '8e2494a05d31ff2580f047767cf93bd2') in 0.008709 seconds 
========================================================================
Received Import Request.
  Time since last request: 1.905379 seconds.
  path: Assets/Prefab
  artifactKey: Guid(2f2b8eab3e77c2f43b90791749ffea6f) Importer(815301076,1909f56bfc062723c751e8b465ee728b)
Start importing Assets/Prefab using Guid(2f2b8eab3e77c2f43b90791749ffea6f) Importer(815301076,1909f56bfc062723c751e8b465ee728b)  -> (artifact id: '2e3b79d366e43e98fc1ff5d4ddb73519') in 0.008176 seconds 
========================================================================
Received Import Request.
  Time since last request: 0.056433 seconds.
  path: Assets/Prefab/Spikes.prefab
  artifactKey: Guid(7482b5bb6665e33418daa1bd7ff93a22) Importer(815301076,1909f56bfc062723c751e8b465ee728b)
Start importing Assets/Prefab/Spikes.prefab using Guid(7482b5bb6665e33418daa1bd7ff93a22) Importer(815301076,1909f56bfc062723c751e8b465ee728b)  -> (artifact id: '7977bf5d54ceb8994ce2ff4c4f6d5807') in 0.120349 seconds 
========================================================================
Received Import Request.
  Time since last request: 5.445510 seconds.
  path: Assets/Sprites
  artifactKey: Guid(55eb3d482b3cbf34fb661b329dba919d) Importer(815301076,1909f56bfc062723c751e8b465ee728b)
Start importing Assets/Sprites using Guid(55eb3d482b3cbf34fb661b329dba919d) Importer(815301076,1909f56bfc062723c751e8b465ee728b)  -> (artifact id: 'a6a445723d131b0974a38d252a307537') in 0.006890 seconds 
========================================================================
Received Import Request.
  Time since last request: 0.046414 seconds.
  path: Assets/Sprites/Circle.png
  artifactKey: Guid(a2f86c13c21690742bd9847c20393268) Importer(815301076,1909f56bfc062723c751e8b465ee728b)
Start importing Assets/Sprites/Circle.png using Guid(a2f86c13c21690742bd9847c20393268) Importer(815301076,1909f56bfc062723c751e8b465ee728b)  -> (artifact id: '68662ac6323ec91543a79c39edee6ca3') in 0.244421 seconds 
========================================================================
Received Import Request.
  Time since last request: 0.000023 seconds.
  path: Assets/Sprites/stickman.png
  artifactKey: Guid(230a5588b90038945b12d83f16615bfe) Importer(815301076,1909f56bfc062723c751e8b465ee728b)
Start importing Assets/Sprites/stickman.png using Guid(230a5588b90038945b12d83f16615bfe) Importer(815301076,1909f56bfc062723c751e8b465ee728b)  -> (artifact id: '4c85a4560f6d9e27c89d7632c3a49ab3') in 0.032452 seconds 
========================================================================
Received Import Request.
  Time since last request: 0.000035 seconds.
  path: Assets/Sprites/rect.png
  artifactKey: Guid(54e5243c82281bc4dba258132edca4a3) Importer(815301076,1909f56bfc062723c751e8b465ee728b)
Start importing Assets/Sprites/rect.png using Guid(54e5243c82281bc4dba258132edca4a3) Importer(815301076,1909f56bfc062723c751e8b465ee728b)  -> (artifact id: 'a8d74f028fbaf8c1fd0c6d08511a8fbd') in 0.189330 seconds 
========================================================================
Received Import Request.
  Time since last request: 0.000025 seconds.
  path: Assets/Sprites/Triangle.png
  artifactKey: Guid(2979d3a2e047bdf47833b949ce66e23e) Importer(815301076,1909f56bfc062723c751e8b465ee728b)
Start importing Assets/Sprites/Triangle.png using Guid(2979d3a2e047bdf47833b949ce66e23e) Importer(815301076,1909f56bfc062723c751e8b465ee728b)  -> (artifact id: '244ae1607d91d45006e038ff0c58a4aa') in 0.029809 seconds 
